<?xml version="1.0" encoding="UTF-8"?>
<testsuite xmlns:xsi="http://www.w3.org/2001/XMLSchema-instance" xsi:noNamespaceSchemaLocation="https://maven.apache.org/surefire/maven-surefire-plugin/xsd/surefire-test-report-3.0.xsd" version="3.0" name="com.sr.electronic.store.Electronic_Store.ElectronicStoreApplicationTests" time="11.588" tests="1" errors="0" skipped="0" failures="0">
  <properties>
[...]
</properties>
  <testcase name="contextLoads" classname="com.sr.electronic.store.Electronic_Store.ElectronicStoreApplicationTests" time="0.801">
    <system-out><![CDATA[23:11:01.602 [main] INFO org.springframework.test.context.support.AnnotationConfigContextLoaderUtils -- Could not detect default configuration classes for test class [com.sr.electronic.store.Electronic_Store.ElectronicStoreApplicationTests]: ElectronicStoreApplicationTests does not declare any static, non-private, non-final, nested classes annotated with @Configuration.
23:11:01.808 [main] INFO org.springframework.boot.test.context.SpringBootTestContextBootstrapper -- Found @SpringBootConfiguration com.sr.electronic.store.Electronic_Store.ElectronicStoreApplication for test class com.sr.electronic.store.Electronic_Store.ElectronicStoreApplicationTests
23:11:02.010 [main] INFO org.springframework.boot.devtools.restart.RestartApplicationListener -- Restart disabled due to context in which it is running

  .   ____          _            __ _ _
 /\\ / ___'_ __ _ _(_)_ __  __ _ \ \ \ \
( ( )\___ | '_ | '_| | '_ \/ _` | \ \ \ \
 \\/  ___)| |_)| | | | | || (_| |  ) ) ) )
  '  |____| .__|_| |_|_| |_\__, | / / / /
 =========|_|==============|___/=/_/_/_/
 :: Spring Boot ::                (v3.1.5)

2024-01-09T23:11:02.376+05:30  WARN 6208 --- [           main] ory$DuplicateJsonObjectContextCustomizer : 

Found multiple occurrences of org.json.JSONObject on the class path:

	jar:file:/C:/Users/rajaw/.m2/repository/com/vaadin/external/google/android-json/0.0.20131108.vaadin1/android-json-0.0.20131108.vaadin1.jar!/org/json/JSONObject.class
	jar:file:/C:/Users/rajaw/.m2/repository/org/json/json/20180130/json-20180130.jar!/org/json/JSONObject.class

You may wish to exclude one of them to ensure predictable runtime behavior

2024-01-09T23:11:02.403+05:30  INFO 6208 --- [           main] .s.e.s.E.ElectronicStoreApplicationTests : Starting ElectronicStoreApplicationTests using Java 21 with PID 6208 (started by rajaw in S:\Programming\Spring\Spring Boot Projects\Electronic_Store)
2024-01-09T23:11:02.404+05:30  INFO 6208 --- [           main] .s.e.s.E.ElectronicStoreApplicationTests : No active profile set, falling back to 1 default profile: "default"
2024-01-09T23:11:03.866+05:30  INFO 6208 --- [           main] .s.d.r.c.RepositoryConfigurationDelegate : Bootstrapping Spring Data JPA repositories in DEFAULT mode.
2024-01-09T23:11:04.026+05:30  INFO 6208 --- [           main] .s.d.r.c.RepositoryConfigurationDelegate : Finished Spring Data repository scanning in 145 ms. Found 8 JPA repository interfaces.
2024-01-09T23:11:05.176+05:30  INFO 6208 --- [           main] o.hibernate.jpa.internal.util.LogHelper  : HHH000204: Processing PersistenceUnitInfo [name: default]
2024-01-09T23:11:05.367+05:30  INFO 6208 --- [           main] org.hibernate.Version                    : HHH000412: Hibernate ORM core version 6.2.13.Final
2024-01-09T23:11:05.371+05:30  INFO 6208 --- [           main] org.hibernate.cfg.Environment            : HHH000406: Using bytecode reflection optimizer
2024-01-09T23:11:05.846+05:30  INFO 6208 --- [           main] o.s.o.j.p.SpringPersistenceUnitInfo      : No LoadTimeWeaver setup: ignoring JPA class transformer
2024-01-09T23:11:05.891+05:30  INFO 6208 --- [           main] com.zaxxer.hikari.HikariDataSource       : HikariPool-1 - Starting...
2024-01-09T23:11:06.486+05:30  INFO 6208 --- [           main] com.zaxxer.hikari.pool.HikariPool        : HikariPool-1 - Added connection com.mysql.cj.jdbc.ConnectionImpl@40538370
2024-01-09T23:11:06.489+05:30  INFO 6208 --- [           main] com.zaxxer.hikari.HikariDataSource       : HikariPool-1 - Start completed.
2024-01-09T23:11:08.457+05:30  INFO 6208 --- [           main] o.h.e.t.j.p.i.JtaPlatformInitiator       : HHH000489: No JTA platform available (set 'hibernate.transaction.jta.platform' to enable JTA platform integration)
2024-01-09T23:11:08.642+05:30  INFO 6208 --- [           main] j.LocalContainerEntityManagerFactoryBean : Initialized JPA EntityManagerFactory for persistence unit 'default'
2024-01-09T23:11:10.220+05:30  WARN 6208 --- [           main] JpaBaseConfiguration$JpaWebConfiguration : spring.jpa.open-in-view is enabled by default. Therefore, database queries may be performed during view rendering. Explicitly configure spring.jpa.open-in-view to disable this warning
2024-01-09T23:11:10.496+05:30  INFO 6208 --- [           main] o.s.s.web.DefaultSecurityFilterChain     : Will secure any request with [org.springframework.security.web.session.DisableEncodeUrlFilter@14060410, org.springframework.security.web.context.request.async.WebAsyncManagerIntegrationFilter@58397dd, org.springframework.security.web.context.SecurityContextHolderFilter@58dd1d0c, org.springframework.security.web.header.HeaderWriterFilter@2aac60b, org.springframework.security.web.authentication.logout.LogoutFilter@2d4aadc, com.sr.electronic.store.Electronic_Store.security.JwtAuthenticationFilter@48a2b492, org.springframework.security.web.savedrequest.RequestCacheAwareFilter@3dd8b40e, org.springframework.security.web.servletapi.SecurityContextHolderAwareRequestFilter@7104b117, org.springframework.security.web.authentication.AnonymousAuthenticationFilter@620260ad, org.springframework.security.web.session.SessionManagementFilter@29becf8b, org.springframework.security.web.access.ExceptionTranslationFilter@12115c28, org.springframework.security.web.access.intercept.AuthorizationFilter@63be4548]
2024-01-09T23:11:11.797+05:30  INFO 6208 --- [           main] .s.e.s.E.ElectronicStoreApplicationTests : Started ElectronicStoreApplicationTests in 9.805 seconds (process running for 11.348)
$2a$10$O1LaIaE7X2195iuAJpv9zeqD1Z2ItIK0J3dxPYHqWYVU9hoGNC/oG
Hibernate: select r1_0.role_id,r1_0.role_name from roles r1_0 where r1_0.role_id=?
Hibernate: select r1_0.role_id,r1_0.role_name from roles r1_0 where r1_0.role_id=?
]]></system-out>
    <system-err><![CDATA[WARNING: A Java agent has been loaded dynamically (C:\Users\rajaw\.m2\repository\net\bytebuddy\byte-buddy-agent\1.14.9\byte-buddy-agent-1.14.9.jar)
WARNING: If a serviceability tool is in use, please run with -XX:+EnableDynamicAgentLoading to hide this warning
WARNING: If a serviceability tool is not in use, please run with -Djdk.instrument.traceUsage for more information
WARNING: Dynamic loading of agents will be disallowed by default in a future release
]]></system-err>
  </testcase>
</testsuite>